1665433838602	geckodriver	INFO	Listening on 127.0.0.1:51485
1665433839318	mozrunner::runner	INFO	Running command: "/usr/bin/firefox" "--marionette" "--remote-debugging-port" "43075" "--remote-allow-hosts" "localhost" "-no-remote" "-profile" "/tmp/rust_mozprofilep9g3g1"
1665433859628	Marionette	INFO	Marionette enabled
1665433859663	Marionette	INFO	Listening on port 36107
Read port: 36107
Read port: 36107
Read port: 36107
WebDriver BiDi listening on ws://127.0.0.1:43075
1665433862436	RemoteAgent	WARN	TLS certificate errors will be ignored for this session
console.error: Region.jsm: "Error fetching region" (new Error("TIMEOUT", "resource://gre/modules/Region.jsm", 768))
console.error: Region.jsm: "Failed to fetch region" (new Error("TIMEOUT", "resource://gre/modules/Region.jsm", 420))
console.warn: SearchSettings: "get: No settings file exists, new profile?" (new NotFoundError("Could not open the file at /tmp/rust_mozprofilep9g3g1/search.json.mozlz4", (void 0)))
Missing chrome or resource URL: resource://gre/modules/UpdateListener.sys.mjs
DevTools listening on ws://127.0.0.1:43075/devtools/browser/c5adfffc-9beb-46d8-beb7-a44eb6d115d2
1665433884936	Marionette	INFO	Stopped listening on port 36107
Missing chrome or resource URL: resource://gre/modules/UpdateListener.sys.mjs
console.error: "Error during quit-application-granted: [Exception... \"File error: Not found\"  nsresult: \"0x80520012 (NS_ERROR_FILE_NOT_FOUND)\"  location: \"JS frame :: resource:///modules/BrowserGlue.jsm :: _onQuitApplicationGranted/tasks< :: line 2009\"  data: no]"
1665434380812	geckodriver	INFO	Listening on 127.0.0.1:60759
1665434381388	mozrunner::runner	INFO	Running command: "/usr/bin/firefox" "--marionette" "--remote-debugging-port" "55139" "--remote-allow-hosts" "localhost" "-no-remote" "-profile" "/tmp/rust_mozprofilev7rAwB"
1665434395186	Marionette	INFO	Marionette enabled
1665434395220	Marionette	INFO	Listening on port 36111
Read port: 36111
Read port: 36111
WebDriver BiDi listening on ws://127.0.0.1:55139
1665434397415	RemoteAgent	WARN	TLS certificate errors will be ignored for this session
console.warn: SearchSettings: "get: No settings file exists, new profile?" (new NotFoundError("Could not open the file at /tmp/rust_mozprofilev7rAwB/search.json.mozlz4", (void 0)))
Missing chrome or resource URL: resource://gre/modules/UpdateListener.sys.mjs
DevTools listening on ws://127.0.0.1:55139/devtools/browser/71a186b7-a0d1-4d49-bd51-0333e65ee74c
1665434447737	geckodriver	INFO	Listening on 127.0.0.1:39705
1665434447783	mozrunner::runner	INFO	Running command: "/usr/bin/firefox" "--marionette" "--remote-debugging-port" "58999" "--remote-allow-hosts" "localhost" "-no-remote" "-profile" "/tmp/rust_mozprofileuajysu"
1665434451396	Marionette	INFO	Marionette enabled
1665434451406	Marionette	INFO	Listening on port 41171
Read port: 41171
WebDriver BiDi listening on ws://127.0.0.1:58999
1665434451725	RemoteAgent	WARN	TLS certificate errors will be ignored for this session
console.warn: SearchSettings: "get: No settings file exists, new profile?" (new NotFoundError("Could not open the file at /tmp/rust_mozprofileuajysu/search.json.mozlz4", (void 0)))
Missing chrome or resource URL: resource://gre/modules/UpdateListener.sys.mjs
DevTools listening on ws://127.0.0.1:58999/devtools/browser/c7418e47-464f-42d9-ad7c-53b255b29eeb
1665434590278	geckodriver	INFO	Listening on 127.0.0.1:43063
1665434590722	mozrunner::runner	INFO	Running command: "/usr/bin/firefox" "--marionette" "--remote-debugging-port" "57713" "--remote-allow-hosts" "localhost" "-no-remote" "-profile" "/tmp/rust_mozprofilernhSCa"
1665434607662	Marionette	INFO	Marionette enabled
1665434607799	Marionette	INFO	Listening on port 35303
Read port: 35303
Read port: 35303
Read port: 35303
WebDriver BiDi listening on ws://127.0.0.1:57713
1665434610570	RemoteAgent	WARN	TLS certificate errors will be ignored for this session
console.warn: SearchSettings: "get: No settings file exists, new profile?" (new NotFoundError("Could not open the file at /tmp/rust_mozprofilernhSCa/search.json.mozlz4", (void 0)))
Missing chrome or resource URL: resource://gre/modules/UpdateListener.sys.mjs
DevTools listening on ws://127.0.0.1:57713/devtools/browser/2011ce0f-0ae8-4a02-a0ce-288429584498
1665434785162	addons.xpi	ERROR	System addon update list error Error: Failed downloading XML, status: 0, reason: error
1665434841674	addons.xpi	ERROR	System addon update list error Error: Failed downloading XML, status: 0, reason: error
Exiting due to channel error.
Exiting due to channel error.
Exiting due to channel error.
Exiting due to channel error.
Exiting due to channel error.
Exiting due to channel error.
Exiting due to channel error.
Exiting due to channel error.
Exiting due to channel error.
1665563887991	geckodriver	INFO	Listening on 127.0.0.1:41787
1665563888504	mozrunner::runner	INFO	Running command: "/usr/bin/firefox" "--marionette" "--remote-debugging-port" "41987" "--remote-allow-hosts" "localhost" "-no-remote" "-profile" "/tmp/rust_mozprofileIsQw88"
ATTENTION: default value of option mesa_glthread overridden by environment.
ATTENTION: default value of option mesa_glthread overridden by environment.
ATTENTION: default value of option mesa_glthread overridden by environment.
ATTENTION: default value of option mesa_glthread overridden by environment.
1665563895601	Marionette	INFO	Marionette enabled
1665563895626	Marionette	INFO	Listening on port 46261
Read port: 46261
WebDriver BiDi listening on ws://127.0.0.1:41987
1665563896618	RemoteAgent	WARN	TLS certificate errors will be ignored for this session
console.warn: SearchSettings: "get: No settings file exists, new profile?" (new NotFoundError("Could not open the file at /tmp/rust_mozprofileIsQw88/search.json.mozlz4", (void 0)))
Missing chrome or resource URL: resource://gre/modules/UpdateListener.sys.mjs
DevTools listening on ws://127.0.0.1:41987/devtools/browser/5cd6b36b-8400-430d-8422-98a3ebcdfb0e
Missing chrome or resource URL: resource://gre/modules/UpdateListener.sys.mjs
console.error: "Error during quit-application-granted: [Exception... \"File error: Not found\"  nsresult: \"0x80520012 (NS_ERROR_FILE_NOT_FOUND)\"  location: \"JS frame :: resource:///modules/BrowserGlue.jsm :: _onQuitApplicationGranted/tasks< :: line 2009\"  data: no]"
1665563916322	Marionette	INFO	Stopped listening on port 46261
console.warn: TopSitesFeed: Failed to fetch data from Contile server: NetworkError when attempting to fetch resource.
1665563916936	geckodriver::marionette	ERROR	Failed to close browser connection: Transport endpoint is not connected (os error 107)
JavaScript error: resource://gre/modules/Sqlite.jsm, line 966: Error: Error(s) encountered during statement execution: disk I/O error
[2022-10-12T08:38:37Z ERROR glean_core] Can't persist ping lifetime data: Error { kind: Rkv(IoError(Os { code: 2, kind: NotFound, message: "No such file or directory" })) }
1665563993971	geckodriver	INFO	Listening on 127.0.0.1:38045
1665563994450	mozrunner::runner	INFO	Running command: "/usr/bin/firefox" "--marionette" "--remote-debugging-port" "50543" "--remote-allow-hosts" "localhost" "-no-remote" "-profile" "/tmp/rust_mozprofilekZzAPf"
ATTENTION: default value of option mesa_glthread overridden by environment.
ATTENTION: default value of option mesa_glthread overridden by environment.
ATTENTION: default value of option mesa_glthread overridden by environment.
ATTENTION: default value of option mesa_glthread overridden by environment.
1665563997814	Marionette	INFO	Marionette enabled
1665563997839	Marionette	INFO	Listening on port 41985
Read port: 41985
WebDriver BiDi listening on ws://127.0.0.1:50543
1665563998376	RemoteAgent	WARN	TLS certificate errors will be ignored for this session
console.warn: SearchSettings: "get: No settings file exists, new profile?" (new NotFoundError("Could not open the file at /tmp/rust_mozprofilekZzAPf/search.json.mozlz4", (void 0)))
console.error: Region.jsm: "Error fetching region" (new AbortError("The operation was aborted. ", (void 0), 766))
console.error: Region.jsm: "Failed to fetch region" (new Error("NO_RESULT", "resource://gre/modules/Region.jsm", 420))
Missing chrome or resource URL: resource://gre/modules/UpdateListener.sys.mjs
DevTools listening on ws://127.0.0.1:50543/devtools/browser/858e7be1-f97a-41fc-b8f6-c6f931fd2dfa
1665564016798	Marionette	INFO	Stopped listening on port 41985
Missing chrome or resource URL: resource://gre/modules/UpdateListener.sys.mjs
console.error: "Error during quit-application-granted: [Exception... \"File error: Not found\"  nsresult: \"0x80520012 (NS_ERROR_FILE_NOT_FOUND)\"  location: \"JS frame :: resource:///modules/BrowserGlue.jsm :: _onQuitApplicationGranted/tasks< :: line 2009\"  data: no]"
1665564033463	geckodriver	INFO	Listening on 127.0.0.1:57039
1665564033580	mozrunner::runner	INFO	Running command: "/usr/bin/firefox" "--marionette" "--remote-debugging-port" "38109" "--remote-allow-hosts" "localhost" "-no-remote" "-profile" "/tmp/rust_mozprofileUAksme"
1665564037300	Marionette	INFO	Marionette enabled
1665564037308	Marionette	INFO	Listening on port 43861
Read port: 43861
WebDriver BiDi listening on ws://127.0.0.1:38109
1665564037622	RemoteAgent	WARN	TLS certificate errors will be ignored for this session
console.warn: SearchSettings: "get: No settings file exists, new profile?" (new NotFoundError("Could not open the file at /tmp/rust_mozprofileUAksme/search.json.mozlz4", (void 0)))
Missing chrome or resource URL: resource://gre/modules/UpdateListener.sys.mjs
DevTools listening on ws://127.0.0.1:38109/devtools/browser/95b2a0f5-5ef2-4717-accc-abfa6d4f817b
1665564049929	Marionette	INFO	Stopped listening on port 43861
Missing chrome or resource URL: resource://gre/modules/UpdateListener.sys.mjs
console.error: "Error during quit-application-granted: [Exception... \"File error: Not found\"  nsresult: \"0x80520012 (NS_ERROR_FILE_NOT_FOUND)\"  location: \"JS frame :: resource:///modules/BrowserGlue.jsm :: _onQuitApplicationGranted/tasks< :: line 2009\"  data: no]"
1665564103365	geckodriver	INFO	Listening on 127.0.0.1:42193
1665564103787	mozrunner::runner	INFO	Running command: "/usr/bin/firefox" "--marionette" "--remote-debugging-port" "47135" "--remote-allow-hosts" "localhost" "-no-remote" "-profile" "/tmp/rust_mozprofileN0NCmP"
ATTENTION: default value of option mesa_glthread overridden by environment.
ATTENTION: default value of option mesa_glthread overridden by environment.
ATTENTION: default value of option mesa_glthread overridden by environment.
ATTENTION: default value of option mesa_glthread overridden by environment.
1665564106296	Marionette	INFO	Marionette enabled
1665564106305	Marionette	INFO	Listening on port 41781
Read port: 41781
WebDriver BiDi listening on ws://127.0.0.1:47135
1665564106562	RemoteAgent	WARN	TLS certificate errors will be ignored for this session
console.warn: SearchSettings: "get: No settings file exists, new profile?" (new NotFoundError("Could not open the file at /tmp/rust_mozprofileN0NCmP/search.json.mozlz4", (void 0)))
Missing chrome or resource URL: resource://gre/modules/UpdateListener.sys.mjs
DevTools listening on ws://127.0.0.1:47135/devtools/browser/6f276939-4189-4124-a17c-7d3622e393d3
1665564118082	Marionette	INFO	Stopped listening on port 41781
Missing chrome or resource URL: resource://gre/modules/UpdateListener.sys.mjs
console.error: "Error during quit-application-granted: [Exception... \"File error: Not found\"  nsresult: \"0x80520012 (NS_ERROR_FILE_NOT_FOUND)\"  location: \"JS frame :: resource:///modules/BrowserGlue.jsm :: _onQuitApplicationGranted/tasks< :: line 2009\"  data: no]"
console.error: services.settings: 
  main/query-stripping Signature failed  TypeError: NetworkError: Network request failed
